-------------------------------------------------------------------------------
Test set: com.books.booklist.BooklistApplicationTests
-------------------------------------------------------------------------------
Tests run: 1, Failures: 0, Errors: 1, Skipped: 0, Time elapsed: 5.685 s <<< FAILURE! - in com.books.booklist.BooklistApplicationTests
contextLoads  Time elapsed: 0.023 s  <<< ERROR!
java.lang.IllegalStateException: Failed to load ApplicationContext
Caused by: org.springframework.beans.factory.UnsatisfiedDependencyException: Error creating bean with name 'booksController': Unsatisfied dependency expressed through field 'booksRepository'; nested exception is org.springframework.beans.factory.BeanCreationException: Error creating bean with name 'booksList' defined in com.books.booklist.repository.BooksList defined in @EnableMongoRepositories declared on MongoRepositoriesRegistrar.EnableMongoRepositoriesConfiguration: Invocation of init method failed; nested exception is org.springframework.data.repository.query.QueryCreationException: Could not create query for public abstract void com.books.booklist.repository.BooksList.updateBooks(java.lang.String,com.books.booklist.domain.Books)! Reason: No property updateBooks found for type Books!; nested exception is org.springframework.data.mapping.PropertyReferenceException: No property updateBooks found for type Books!
Caused by: org.springframework.beans.factory.BeanCreationException: Error creating bean with name 'booksList' defined in com.books.booklist.repository.BooksList defined in @EnableMongoRepositories declared on MongoRepositoriesRegistrar.EnableMongoRepositoriesConfiguration: Invocation of init method failed; nested exception is org.springframework.data.repository.query.QueryCreationException: Could not create query for public abstract void com.books.booklist.repository.BooksList.updateBooks(java.lang.String,com.books.booklist.domain.Books)! Reason: No property updateBooks found for type Books!; nested exception is org.springframework.data.mapping.PropertyReferenceException: No property updateBooks found for type Books!
Caused by: org.springframework.data.repository.query.QueryCreationException: Could not create query for public abstract void com.books.booklist.repository.BooksList.updateBooks(java.lang.String,com.books.booklist.domain.Books)! Reason: No property updateBooks found for type Books!; nested exception is org.springframework.data.mapping.PropertyReferenceException: No property updateBooks found for type Books!
Caused by: org.springframework.data.mapping.PropertyReferenceException: No property updateBooks found for type Books!

